<?xml version="1.0" encoding="UTF-8"?>
<testng-results ignored="0" total="1" passed="1" failed="0" skipped="0">
  <reporter-output>
  </reporter-output>
  <suite started-at="2023-05-09T22:25:58 EDT" name="webtestsuite3" finished-at="2023-05-09T22:26:51 EDT" duration-ms="53383">
    <groups>
    </groups>
    <test started-at="2023-05-09T22:25:58 EDT" name="amazontest" finished-at="2023-05-09T22:26:51 EDT" duration-ms="53383">
      <class name="projects.partfive.amazon.CommonClass">
        <test-method is-config="true" signature="openTest(java.lang.String)[pri:0, instance:projects.partfive.amazon.CommonClass@2ed2d9cb]" started-at="2023-05-09T22:25:58 EDT" name="openTest" finished-at="2023-05-09T22:26:09 EDT" duration-ms="11211" status="PASS">
          <params>
            <param index="0">
              <value>
                <![CDATA[https://www.amazon.com]]>
              </value>
            </param>
          </params>
          <reporter-output>
          </reporter-output>
        </test-method> <!-- openTest -->
        <test-method signature="amazonTest(java.lang.String,java.lang.String,java.lang.String)[pri:0, instance:projects.partfive.amazon.CommonClass@2ed2d9cb]" started-at="2023-05-09T22:26:09 EDT" name="amazonTest" finished-at="2023-05-09T22:26:40 EDT" duration-ms="31355" status="PASS">
          <params>
            <param index="0">
              <value>
                <![CDATA[pen]]>
              </value>
            </param>
            <param index="1">
              <value>
                <![CDATA[Amazon Basics Felt Tip Marker Pens - Assorted Color, 12-Pack]]>
              </value>
            </param>
            <param index="2">
              <value>
                <![CDATA[amzn]]>
              </value>
            </param>
          </params>
          <reporter-output>
          </reporter-output>
        </test-method> <!-- amazonTest -->
        <test-method is-config="true" signature="closeTest()[pri:0, instance:projects.partfive.amazon.CommonClass@2ed2d9cb]" started-at="2023-05-09T22:26:41 EDT" name="closeTest" finished-at="2023-05-09T22:26:51 EDT" duration-ms="10675" status="PASS">
          <reporter-output>
          </reporter-output>
        </test-method> <!-- closeTest -->
      </class> <!-- projects.partfive.amazon.CommonClass -->
    </test> <!-- amazontest -->
  </suite> <!-- webtestsuite3 -->
</testng-results>
