<?xml version="1.0" encoding="UTF-8"?>
<testng-results ignored="0" total="1" passed="1" failed="0" skipped="0">
  <reporter-output>
  </reporter-output>
  <suite started-at="2023-04-12T17:51:48 EDT" name="regression" finished-at="2023-04-12T17:52:08 EDT" duration-ms="20390">
    <groups>
    </groups>
    <test started-at="2023-04-12T17:51:48 EDT" name="chrome browser" finished-at="2023-04-12T17:52:08 EDT" duration-ms="20390">
      <class name="testgroup.testproj.NewTest">
        <test-method is-config="true" signature="beforeMethod(java.lang.String,java.lang.String)[pri:0, instance:testgroup.testproj.NewTest@2f8dad04]" started-at="2023-04-12T17:51:48 EDT" name="beforeMethod" finished-at="2023-04-12T17:51:52 EDT" duration-ms="3649" status="PASS">
          <params>
            <param index="0">
              <value>
                <![CDATA[https://www.facebook.com]]>
              </value>
            </param>
            <param index="1">
              <value>
                <![CDATA[chrome]]>
              </value>
            </param>
          </params>
          <reporter-output>
          </reporter-output>
        </test-method> <!-- beforeMethod -->
        <test-method signature="signin_facebook()[pri:1, instance:testgroup.testproj.NewTest@2f8dad04]" started-at="2023-04-12T17:51:52 EDT" name="signin_facebook" finished-at="2023-04-12T17:52:08 EDT" duration-ms="16152" status="PASS">
          <reporter-output>
          </reporter-output>
        </test-method> <!-- signin_facebook -->
        <test-method is-config="true" signature="afterMethod()[pri:0, instance:testgroup.testproj.NewTest@2f8dad04]" started-at="2023-04-12T17:52:08 EDT" name="afterMethod" finished-at="2023-04-12T17:52:08 EDT" duration-ms="507" status="PASS">
          <reporter-output>
          </reporter-output>
        </test-method> <!-- afterMethod -->
      </class> <!-- testgroup.testproj.NewTest -->
    </test> <!-- chrome browser -->
  </suite> <!-- regression -->
</testng-results>
